  main.cpp
f:\shanghaiqiche bisai\tabu search\tabu search\util.h(352): warning C4244: “初始化”: 从“__int64”转换到“int”，可能丢失数据
f:\shanghaiqiche bisai\tabu search\tabu search\util.h(386): warning C4267: “+=”: 从“size_t”转换到“int”，可能丢失数据
f:\shanghaiqiche bisai\tabu search\tabu search\bpp.h(27): warning C4267: “return”: 从“size_t”转换到“int”，可能丢失数据
f:\shanghaiqiche bisai\tabu search\tabu search\ts.h(178): warning C4267: “初始化”: 从“size_t”转换到“int”，可能丢失数据
f:\shanghaiqiche bisai\tabu search\tabu search\ts.h(186): warning C4244: “初始化”: 从“__int64”转换到“int”，可能丢失数据
f:\shanghaiqiche bisai\tabu search\tabu search\ts.h(843): warning C4267: “初始化”: 从“size_t”转换到“int”，可能丢失数据
f:\shanghaiqiche bisai\tabu search\tabu search\ts.h(851): warning C4244: “初始化”: 从“__int64”转换到“int”，可能丢失数据
f:\shanghaiqiche bisai\tabu search\tabu search\ts.h(1155): warning C4267: “初始化”: 从“size_t”转换到“int”，可能丢失数据
f:\shanghaiqiche bisai\tabu search\tabu search\ts.h(1164): warning C4244: “参数”: 从“__int64”转换到“_Ty”，可能丢失数据
          with
          [
              _Ty=int
          ]
f:\shanghaiqiche bisai\tabu search\tabu search\ts.h(1297): warning C4244: “=”: 从“size_t”转换到“double”，可能丢失数据
f:\shanghaiqiche bisai\tabu search\tabu search\ts.h(1301): warning C4244: “=”: 从“size_t”转换到“double”，可能丢失数据
f:\shanghaiqiche bisai\tabu search\tabu search\ts.h(1327): warning C4244: “=”: 从“size_t”转换到“double”，可能丢失数据
f:\shanghaiqiche bisai\tabu search\tabu search\ts.h(1328): warning C4244: “=”: 从“size_t”转换到“double”，可能丢失数据
f:\shanghaiqiche bisai\tabu search\tabu search\ts.h(1349): warning C4244: “=”: 从“size_t”转换到“double”，可能丢失数据
f:\shanghaiqiche bisai\tabu search\tabu search\ts.h(1350): warning C4244: “=”: 从“size_t”转换到“double”，可能丢失数据
f:\shanghaiqiche bisai\tabu search\tabu search\ts.h(1351): warning C4244: “=”: 从“size_t”转换到“double”，可能丢失数据
f:\shanghaiqiche bisai\tabu search\tabu search\ts.h(1352): warning C4244: “=”: 从“size_t”转换到“double”，可能丢失数据
f:\shanghaiqiche bisai\tabu search\tabu search\ts.h(1374): warning C4244: “=”: 从“size_t”转换到“double”，可能丢失数据
f:\shanghaiqiche bisai\tabu search\tabu search\ts.h(1375): warning C4244: “=”: 从“size_t”转换到“double”，可能丢失数据
f:\shanghaiqiche bisai\tabu search\tabu search\ts.h(1376): warning C4244: “=”: 从“size_t”转换到“double”，可能丢失数据
f:\shanghaiqiche bisai\tabu search\tabu search\ts.h(1377): warning C4244: “=”: 从“size_t”转换到“double”，可能丢失数据
  正在生成代码
  1 of 3217 functions (<0.1%) were compiled, the rest were copied from previous compilation.
    0 functions were new in current compilation
    1 functions had inline decision re-evaluated but remain unchanged
  已完成代码的生成
  Tabu Search.vcxproj -> F:\Shanghaiqiche bisai\Tabu Search\x64\Release\Tabu Search.exe
